2023-08-29 22:16:57,021 - Content Certificate Generation Utility started (Logging to ../build/logs/ICVSBContent.log)
2023-08-29 22:16:57,022 - Parsing config file: cfg/OEMSBContent_lvs_2.cfg
2023-08-29 22:16:57,022 - **** Creating Content Certificate ****
2023-08-29 22:16:57,037 - **** Certificate file creation has been completed successfully ****
2023-08-29 22:16:57,039 - Content Certificate Generation Utility started (Logging to ../build/logs/ICVSBContent.log)
2023-08-29 22:16:57,039 - Content Certificate Generation Utility started (Logging to ../build/logs/ICVSBContent.log)
2023-08-29 22:16:57,040 - Parsing config file: cfg/OEMSBContent_lvs_1.cfg
2023-08-29 22:16:57,040 - Parsing config file: cfg/OEMSBContent_lvs_1.cfg
2023-08-29 22:16:57,041 - **** Creating Content Certificate ****
2023-08-29 22:16:57,041 - **** Creating Content Certificate ****
2023-08-29 22:16:57,055 - **** Certificate file creation has been completed successfully ****
2023-08-29 22:16:57,055 - **** Certificate file creation has been completed successfully ****
2023-09-23 10:38:35,333 - Content Certificate Generation Utility started (Logging to ../build/logs/ICVSBContent.log)
2023-09-23 10:38:35,334 - Parsing config file: cfg/OEMSBContent_lvs_1.cfg
2023-09-23 10:38:35,335 - **** Creating Content Certificate ****
2023-09-23 10:38:35,585 - **** Certificate file creation has been completed successfully ****
2023-09-23 10:40:26,120 - Content Certificate Generation Utility started (Logging to ../build/logs/ICVSBContent.log)
2023-09-23 10:40:26,121 - Parsing config file: cfg/OEMSBContent_lvs_1.cfg
2023-09-23 10:40:26,121 - **** Creating Content Certificate ****
2023-09-23 10:40:26,373 - **** Certificate file creation has been completed successfully ****
